<?xml version="1.0" encoding="UTF-8"?>
<testng-results ignored="0" total="2" passed="2" failed="0" skipped="0">
  <reporter-output>
  </reporter-output>
  <suite started-at="2025-03-29T11:45:45 IST" name="Surefire suite" finished-at="2025-03-29T11:45:56 IST" duration-ms="10434">
    <groups>
      <group name="Master">
        <method signature="TC_AccountRegistrationTest.verify_account_registration()[pri:0, instance:testCases.TC_AccountRegistrationTest@619713e5]" name="verify_account_registration" class="testCases.TC_AccountRegistrationTest"/>
        <method signature="TC_LoginTest.verifyLoginTest()[pri:0, instance:testCases.TC_LoginTest@291ae]" name="verifyLoginTest" class="testCases.TC_LoginTest"/>
      </group> <!-- Master -->
      <group name="Regression">
        <method signature="TC_AccountRegistrationTest.verify_account_registration()[pri:0, instance:testCases.TC_AccountRegistrationTest@619713e5]" name="verify_account_registration" class="testCases.TC_AccountRegistrationTest"/>
      </group> <!-- Regression -->
      <group name="sanity">
        <method signature="TC_LoginTest.verifyLoginTest()[pri:0, instance:testCases.TC_LoginTest@291ae]" name="verifyLoginTest" class="testCases.TC_LoginTest"/>
      </group> <!-- sanity -->
    </groups>
    <test started-at="2025-03-29T11:45:45 IST" name="Surefire test" finished-at="2025-03-29T11:45:56 IST" duration-ms="10434">
      <class name="testCases.TC_AccountRegistrationTest">
        <test-method is-config="true" signature="setup(java.lang.String,java.lang.String)[pri:0, instance:testCases.TC_AccountRegistrationTest@619713e5]" started-at="2025-03-29T11:45:45 IST" name="setup" finished-at="2025-03-29T11:45:49 IST" duration-ms="3570" status="PASS">
          <params>
            <param index="0">
              <value>
                <![CDATA[Windows]]>
              </value>
            </param>
            <param index="1">
              <value>
                <![CDATA[chrome]]>
              </value>
            </param>
          </params>
          <reporter-output>
          </reporter-output>
        </test-method> <!-- setup -->
        <test-method signature="verify_account_registration()[pri:0, instance:testCases.TC_AccountRegistrationTest@619713e5]" started-at="2025-03-29T11:45:49 IST" name="verify_account_registration" finished-at="2025-03-29T11:45:51 IST" duration-ms="2085" status="PASS">
          <reporter-output>
          </reporter-output>
        </test-method> <!-- verify_account_registration -->
        <test-method is-config="true" signature="teardown()[pri:0, instance:testCases.TC_AccountRegistrationTest@619713e5]" started-at="2025-03-29T11:45:51 IST" name="teardown" finished-at="2025-03-29T11:45:51 IST" duration-ms="230" status="PASS">
          <reporter-output>
          </reporter-output>
        </test-method> <!-- teardown -->
      </class> <!-- testCases.TC_AccountRegistrationTest -->
      <class name="testCases.TC_LoginTest">
        <test-method is-config="true" signature="setup(java.lang.String,java.lang.String)[pri:0, instance:testCases.TC_LoginTest@291ae]" started-at="2025-03-29T11:45:51 IST" name="setup" finished-at="2025-03-29T11:45:54 IST" duration-ms="2584" status="PASS">
          <params>
            <param index="0">
              <value>
                <![CDATA[Windows]]>
              </value>
            </param>
            <param index="1">
              <value>
                <![CDATA[chrome]]>
              </value>
            </param>
          </params>
          <reporter-output>
          </reporter-output>
        </test-method> <!-- setup -->
        <test-method signature="verifyLoginTest()[pri:0, instance:testCases.TC_LoginTest@291ae]" started-at="2025-03-29T11:45:54 IST" name="verifyLoginTest" finished-at="2025-03-29T11:45:55 IST" duration-ms="1712" status="PASS">
          <reporter-output>
          </reporter-output>
        </test-method> <!-- verifyLoginTest -->
        <test-method is-config="true" signature="teardown()[pri:0, instance:testCases.TC_LoginTest@291ae]" started-at="2025-03-29T11:45:55 IST" name="teardown" finished-at="2025-03-29T11:45:56 IST" duration-ms="213" status="PASS">
          <reporter-output>
          </reporter-output>
        </test-method> <!-- teardown -->
      </class> <!-- testCases.TC_LoginTest -->
    </test> <!-- Surefire test -->
  </suite> <!-- Surefire suite -->
</testng-results>
